0 info it worked if it ends with ok
1 verbose cli [ '/usr/local/bin/node', '/usr/local/bin/npm', 'run', 'e2e' ]
2 info using npm@3.10.9
3 info using node@v7.1.0
4 verbose run-script [ 'pree2e', 'e2e', 'poste2e' ]
5 info lifecycle meteor-1.4.3@~pree2e: meteor-1.4.3@
6 silly lifecycle meteor-1.4.3@~pree2e: no script for pree2e, continuing
7 info lifecycle meteor-1.4.3@~e2e: meteor-1.4.3@
8 verbose lifecycle meteor-1.4.3@~e2e: unsafe-perm in lifecycle true
9 verbose lifecycle meteor-1.4.3@~e2e: PATH: /usr/local/lib/node_modules/npm/bin/node-gyp-bin:/Users/scottclayton/Sites/red-smash/node_modules/.bin:/usr/bin:/bin:/usr/sbin:/sbin:/usr/local/bin:/usr/bin:/bin:/usr/sbin:/sbin:/usr/local/bin:/opt/X11/bin
10 verbose lifecycle meteor-1.4.3@~e2e: CWD: /Users/scottclayton/Sites/red-smash
11 silly lifecycle meteor-1.4.3@~e2e: Args: [ '-c', 'nightwatch' ]
12 silly lifecycle meteor-1.4.3@~e2e: Returned: code: 1  signal: null
13 info lifecycle meteor-1.4.3@~e2e: Failed to exec e2e script
14 verbose stack Error: meteor-1.4.3@ e2e: `nightwatch`
14 verbose stack Exit status 1
14 verbose stack     at EventEmitter.<anonymous> (/usr/local/lib/node_modules/npm/lib/utils/lifecycle.js:255:16)
14 verbose stack     at emitTwo (events.js:106:13)
14 verbose stack     at EventEmitter.emit (events.js:191:7)
14 verbose stack     at ChildProcess.<anonymous> (/usr/local/lib/node_modules/npm/lib/utils/spawn.js:40:14)
14 verbose stack     at emitTwo (events.js:106:13)
14 verbose stack     at ChildProcess.emit (events.js:191:7)
14 verbose stack     at maybeClose (internal/child_process.js:885:16)
14 verbose stack     at Process.ChildProcess._handle.onexit (internal/child_process.js:226:5)
15 verbose pkgid meteor-1.4.3@
16 verbose cwd /Users/scottclayton/Sites/red-smash
17 error Darwin 15.6.0
18 error argv "/usr/local/bin/node" "/usr/local/bin/npm" "run" "e2e"
19 error node v7.1.0
20 error npm  v3.10.9
21 error code ELIFECYCLE
22 error meteor-1.4.3@ e2e: `nightwatch`
22 error Exit status 1
23 error Failed at the meteor-1.4.3@ e2e script 'nightwatch'.
23 error Make sure you have the latest version of node.js and npm installed.
23 error If you do, this is most likely a problem with the meteor-1.4.3 package,
23 error not with npm itself.
23 error Tell the author that this fails on your system:
23 error     nightwatch
23 error You can get information on how to open an issue for this project with:
23 error     npm bugs meteor-1.4.3
23 error Or if that isn't available, you can get their info via:
23 error     npm owner ls meteor-1.4.3
23 error There is likely additional logging output above.
24 verbose exit [ 1, true ]
